[2025-05-17 14:56:53 Asia/Ho_Chi_Minh] Lỗi: vnp_OrderInfo không chứa ticketIds: Thanh toan GD:8283
[2025-05-17 15:03:44 Asia/Ho_Chi_Minh] Tính toán secureHash: 5af8b7b87eb4bad4d888ce69bc3553eaa072c9712af3af1223886156a162f57ad90dfa687c86d22369a507b5c62cd141215868873aede195ea209bec5b451a8b, Nhận được vnp_SecureHash: 5af8b7b87eb4bad4d888ce69bc3553eaa072c9712af3af1223886156a162f57ad90dfa687c86d22369a507b5c62cd141215868873aede195ea209bec5b451a8b
[2025-05-17 15:03:44 Asia/Ho_Chi_Minh] vnp_OrderInfo nhận được: Thanh toan GD: 9179 - Tickets: [382]
[2025-05-17 15:03:44 Asia/Ho_Chi_Minh] ticketIds giải mã thành công: Array
(
    [0] => 382
)

[2025-05-17 15:03:44 Asia/Ho_Chi_Minh] vnp_ResponseCode: 00
[2025-05-17 15:03:44 Asia/Ho_Chi_Minh] Cập nhật thành công vé 382
[2025-05-17 15:03:44 Asia/Ho_Chi_Minh] Chuyển hướng đến: http://localhost:3000/payment-status?vnp_TxnRef=9179&vnp_ResponseCode=00&vnp_Amount=30000000&vnp_OrderInfo=Thanh+toan+GD%3A+9179+-+Tickets%3A+%5B382%5D&vnp_TransactionNo=14962486&vnp_BankCode=NCB&vnp_PayDate=20250517150430
[2025-05-17 15:15:18 Asia/Ho_Chi_Minh] Tính toán secureHash: 4e2b45a5c2d799b109feb692b7e3568968a2af1d4743e5bebda20f863ef50a0dde36ef82e0f01f91493a02bd446a9100c22ca04e6b6cc551589f751b3a369e8f, Nhận được vnp_SecureHash: 4e2b45a5c2d799b109feb692b7e3568968a2af1d4743e5bebda20f863ef50a0dde36ef82e0f01f91493a02bd446a9100c22ca04e6b6cc551589f751b3a369e8f
[2025-05-17 15:15:18 Asia/Ho_Chi_Minh] vnp_OrderInfo nhận được: Thanh toan GD: 1903 - Tickets: [383]
[2025-05-17 15:15:18 Asia/Ho_Chi_Minh] ticketIds giải mã thành công: Array
(
    [0] => 383
)

[2025-05-17 15:15:18 Asia/Ho_Chi_Minh] vnp_ResponseCode: 00
[2025-05-17 15:15:18 Asia/Ho_Chi_Minh] Cập nhật thành công vé 383
[2025-05-17 15:15:18 Asia/Ho_Chi_Minh] Chuyển hướng đến: http://localhost:3000/payment-status?vnp_TxnRef=1903&vnp_ResponseCode=00&vnp_Amount=30000000&vnp_OrderInfo=Thanh+toan+GD%3A+1903+-+Tickets%3A+%5B383%5D&vnp_TransactionNo=14962507&vnp_BankCode=NCB&vnp_PayDate=20250517151603
[2025-05-17 15:26:27 Asia/Ho_Chi_Minh] Tính toán secureHash: 6a2f8cd2bd1a7f7c00113d16063a484568751e12768f147ef956391a5e7d075a4226a9c4327e910d3ef518dbbeba40e453373abb19a580f0c760786d36520e56, Nhận được vnp_SecureHash: 6a2f8cd2bd1a7f7c00113d16063a484568751e12768f147ef956391a5e7d075a4226a9c4327e910d3ef518dbbeba40e453373abb19a580f0c760786d36520e56
[2025-05-17 15:26:27 Asia/Ho_Chi_Minh] vnp_OrderInfo nhận được: Thanh toan GD: 7674 - Tickets: [384]
[2025-05-17 15:26:27 Asia/Ho_Chi_Minh] ticketIds giải mã thành công: Array
(
    [0] => 384
)

[2025-05-17 15:26:27 Asia/Ho_Chi_Minh] vnp_ResponseCode: 00
[2025-05-17 15:26:27 Asia/Ho_Chi_Minh] Cập nhật thành công vé 384
[2025-05-17 15:26:27 Asia/Ho_Chi_Minh] Chuyển hướng đến: http://localhost:3000/payment-status?vnp_TxnRef=7674&vnp_ResponseCode=00&vnp_Amount=30000000&vnp_OrderInfo=Thanh+toan+GD%3A+7674+-+Tickets%3A+%5B384%5D&vnp_TransactionNo=14962523&vnp_BankCode=NCB&vnp_PayDate=20250517152711
[2025-05-17 15:45:15 Asia/Ho_Chi_Minh] Tính toán secureHash: be407ee98db065d7e1242d74c161261373728921cc415bc7fe1b707c71397786994d1df9fe1abd60e918ed5d3a6ad5c6ab834ae26a086cc5712c638a6a59f1a3, Nhận được vnp_SecureHash: be407ee98db065d7e1242d74c161261373728921cc415bc7fe1b707c71397786994d1df9fe1abd60e918ed5d3a6ad5c6ab834ae26a086cc5712c638a6a59f1a3
[2025-05-17 15:45:15 Asia/Ho_Chi_Minh] vnp_ResponseCode: 00
[2025-05-17 15:45:15 Asia/Ho_Chi_Minh] Cập nhật thành công vé với vnp_TxnRef 8424
[2025-05-17 15:45:15 Asia/Ho_Chi_Minh] Chuyển hướng đến: http://localhost:3000/payment-status?vnp_TxnRef=8424&vnp_ResponseCode=00&vnp_Amount=30000000&vnp_TransactionNo=14962556&vnp_BankCode=NCB&vnp_PayDate=20250517154558
[2025-05-17 16:02:40 Asia/Ho_Chi_Minh] Tính toán secureHash: 6dc8f626f00754e19b841a450240c8bab5f2b3ab13a75741683a9ec404aef477f2945021750b442f958aa9d050c3b68d654cf9d01367f45be7a3f39af9c4b2ef, Nhận được vnp_SecureHash: 6dc8f626f00754e19b841a450240c8bab5f2b3ab13a75741683a9ec404aef477f2945021750b442f958aa9d050c3b68d654cf9d01367f45be7a3f39af9c4b2ef
[2025-05-17 16:02:40 Asia/Ho_Chi_Minh] vnp_ResponseCode: 00
[2025-05-17 16:02:40 Asia/Ho_Chi_Minh] Cập nhật thành công vé với vnp_TxnRef 1400
[2025-05-17 16:02:40 Asia/Ho_Chi_Minh] Chuyển hướng đến: http://localhost:3000/payment-status?vnp_TxnRef=1400&vnp_ResponseCode=00&vnp_Amount=30000000&vnp_TransactionNo=14962586&vnp_BankCode=NCB&vnp_PayDate=20250517160323
[2025-05-17 18:13:59 Asia/Ho_Chi_Minh] Tính toán secureHash: a0a2b002963a14f169695b5c4ab1a8b0b7561300ed5ffaa5f75b6ae2f5af907c349efb17c3de73f92ffb1038efab0bf2359c954ebcd2c89946aee8cd3b873aea, Nhận được vnp_SecureHash: a0a2b002963a14f169695b5c4ab1a8b0b7561300ed5ffaa5f75b6ae2f5af907c349efb17c3de73f92ffb1038efab0bf2359c954ebcd2c89946aee8cd3b873aea
[2025-05-17 18:13:59 Asia/Ho_Chi_Minh] vnp_ResponseCode: 00
[2025-05-17 18:13:59 Asia/Ho_Chi_Minh] Cập nhật thành công vé với vnp_TxnRef 8073
[2025-05-17 18:13:59 Asia/Ho_Chi_Minh] Chuyển hướng đến: http://localhost:3000/payment-status?vnp_TxnRef=8073&vnp_ResponseCode=00&vnp_Amount=1320000000&vnp_TransactionNo=14962783&vnp_BankCode=NCB&vnp_PayDate=20250517181444
[2025-05-19 14:28:43 Asia/Ho_Chi_Minh] Tính toán secureHash: c3d212eea05d3caac3918bb473a6e4c34c38200eb6c41fc8b42857975d851c9990de15b9a26872d93cc24f0193950389919ee50758042becc611dead63d31cdc, Nhận được vnp_SecureHash: c3d212eea05d3caac3918bb473a6e4c34c38200eb6c41fc8b42857975d851c9990de15b9a26872d93cc24f0193950389919ee50758042becc611dead63d31cdc
[2025-05-19 14:28:43 Asia/Ho_Chi_Minh] vnp_ResponseCode: 24
[2025-05-19 14:28:43 Asia/Ho_Chi_Minh] Không cập nhật trạng thái: secureHash match: true, vnp_ResponseCode: 24
[2025-05-19 14:28:43 Asia/Ho_Chi_Minh] Chuyển hướng đến: http://localhost:3000/payment-status?vnp_TxnRef=6284&vnp_ResponseCode=24&vnp_Amount=30000000&vnp_TransactionNo=0&vnp_BankCode=VNPAY&vnp_PayDate=20250519142926
[2025-05-19 14:36:15 Asia/Ho_Chi_Minh] Lỗi: Thiếu vnp_SecureHash trong phản hồi từ VNPAY: Array
(
)

[2025-05-19 14:53:56 Asia/Ho_Chi_Minh] Tính toán secureHash: 7718ac105f8c069e7977068371ea70f76ddeec6c67c8699e59fdea6e66ba4aeda5ea7d2d3ba3671a69738d3387d11693254f2fbba20570019805a31941216821, Nhận được vnp_SecureHash: 7718ac105f8c069e7977068371ea70f76ddeec6c67c8699e59fdea6e66ba4aeda5ea7d2d3ba3671a69738d3387d11693254f2fbba20570019805a31941216821
[2025-05-19 14:53:56 Asia/Ho_Chi_Minh] vnp_ResponseCode: 00
[2025-05-19 14:53:56 Asia/Ho_Chi_Minh] Cập nhật thành công vé với vnp_TxnRef 5927
[2025-05-19 14:53:56 Asia/Ho_Chi_Minh] Chuyển hướng đến: http://localhost:3000/payment-status?vnp_TxnRef=5927&vnp_ResponseCode=00&vnp_Amount=30000000&vnp_TransactionNo=14965536&vnp_BankCode=NCB&vnp_PayDate=20250519145444
[2025-05-19 15:09:46 Asia/Ho_Chi_Minh] Tính toán secureHash: bea5d41602b7f13628abd2d55764a61bb8f43cf9212db283db4de179bebced531637ef6a7646ce8bb4d3d5df9bb504f14300ceb0d2d6fca76e1bb485b55466cc, Nhận được vnp_SecureHash: bea5d41602b7f13628abd2d55764a61bb8f43cf9212db283db4de179bebced531637ef6a7646ce8bb4d3d5df9bb504f14300ceb0d2d6fca76e1bb485b55466cc
[2025-05-19 15:09:46 Asia/Ho_Chi_Minh] vnp_ResponseCode: 00
[2025-05-19 15:09:46 Asia/Ho_Chi_Minh] Cập nhật thành công vé với vnp_TxnRef 9664
[2025-05-19 15:09:46 Asia/Ho_Chi_Minh] Chuyển hướng đến: http://localhost:3000/payment-status?vnp_TxnRef=9664&vnp_ResponseCode=00&vnp_Amount=30000000&vnp_TransactionNo=14965602&vnp_BankCode=NCB&vnp_PayDate=20250519151034
[2025-05-21 19:52:01 Asia/Ho_Chi_Minh] Tính toán secureHash: 5b1357ede481d05b643fc6a1060c3b13c2f230e87c376cfdedf34eb8989a3cd2adb04c153aa903b42734f14c623b7207be30067a004eebdac23b76e48524e093, Nhận được vnp_SecureHash: 5b1357ede481d05b643fc6a1060c3b13c2f230e87c376cfdedf34eb8989a3cd2adb04c153aa903b42734f14c623b7207be30067a004eebdac23b76e48524e093
[2025-05-21 19:52:01 Asia/Ho_Chi_Minh] vnp_ResponseCode: 00
[2025-05-21 19:52:01 Asia/Ho_Chi_Minh] Cập nhật thành công vé với vnp_TxnRef 4371
[2025-05-21 19:52:01 Asia/Ho_Chi_Minh] Chuyển hướng đến: http://localhost:3000/payment-status?vnp_TxnRef=4371&vnp_ResponseCode=00&vnp_Amount=30000000&vnp_TransactionNo=14971324&vnp_BankCode=NCB&vnp_PayDate=20250521195250
[2025-05-21 19:54:59 Asia/Ho_Chi_Minh] Tính toán secureHash: 8b523e4bd7d82cf562daa796a691bf530325ec425e3d940f6743c69854190626bc0ed83511bb946ce9732ae456415b5f62fcda4c334aeaa3e22d9b04b80bda86, Nhận được vnp_SecureHash: 8b523e4bd7d82cf562daa796a691bf530325ec425e3d940f6743c69854190626bc0ed83511bb946ce9732ae456415b5f62fcda4c334aeaa3e22d9b04b80bda86
[2025-05-21 19:54:59 Asia/Ho_Chi_Minh] vnp_ResponseCode: 00
[2025-05-21 19:54:59 Asia/Ho_Chi_Minh] Cập nhật thành công vé với vnp_TxnRef 1482
[2025-05-21 19:54:59 Asia/Ho_Chi_Minh] Chuyển hướng đến: http://localhost:3000/payment-status?vnp_TxnRef=1482&vnp_ResponseCode=00&vnp_Amount=30000000&vnp_TransactionNo=14971331&vnp_BankCode=NCB&vnp_PayDate=20250521195550
[2025-05-21 20:23:18 Asia/Ho_Chi_Minh] Tính toán secureHash: e41697728bb52f09098bc34f6fb9081710f69cd86d6a00608cefc8d1785558efe1f8cc43574fcdb4e560ad20107126d3a566eaa48250425bd242c43e61447e3f, Nhận được vnp_SecureHash: e41697728bb52f09098bc34f6fb9081710f69cd86d6a00608cefc8d1785558efe1f8cc43574fcdb4e560ad20107126d3a566eaa48250425bd242c43e61447e3f
[2025-05-21 20:23:18 Asia/Ho_Chi_Minh] vnp_ResponseCode: 00
[2025-05-21 20:23:18 Asia/Ho_Chi_Minh] Cập nhật thành công vé với vnp_TxnRef 1206
[2025-05-21 20:23:18 Asia/Ho_Chi_Minh] Chuyển hướng đến: http://localhost:3000/payment-status?vnp_TxnRef=1206&vnp_ResponseCode=00&vnp_Amount=30000000&vnp_TransactionNo=14971390&vnp_BankCode=NCB&vnp_PayDate=20250521202409
[2025-05-21 21:09:45 Asia/Ho_Chi_Minh] Tính toán secureHash: 01dadaf6ad098f34e273a358f67ff7db01d6f75a5525862d2ade4322202bea2c6aeeec3b9d99beb74b38bd26d694b6dcf29ab92638af9eb6dcaff2b228fd0798, Nhận được vnp_SecureHash: 01dadaf6ad098f34e273a358f67ff7db01d6f75a5525862d2ade4322202bea2c6aeeec3b9d99beb74b38bd26d694b6dcf29ab92638af9eb6dcaff2b228fd0798
[2025-05-21 21:09:45 Asia/Ho_Chi_Minh] vnp_ResponseCode: 00
[2025-05-21 21:09:45 Asia/Ho_Chi_Minh] Cập nhật thành công vé với vnp_TxnRef 8737
[2025-05-21 21:09:45 Asia/Ho_Chi_Minh] Chuyển hướng đến: http://localhost:3000/payment-status?vnp_TxnRef=8737&vnp_ResponseCode=00&vnp_Amount=30000000&vnp_TransactionNo=14971480&vnp_BankCode=NCB&vnp_PayDate=20250521211035
[2025-05-22 14:17:51 Asia/Ho_Chi_Minh] Tính toán secureHash: 90d3fb15b7aebc63eeb8923cbb91972d3d02c63e76be126dc618b546e55699485561c8ce0edcddde1c9604dc299e94208e26e85a686c11dafc260446b1afa6e3, Nhận được vnp_SecureHash: 90d3fb15b7aebc63eeb8923cbb91972d3d02c63e76be126dc618b546e55699485561c8ce0edcddde1c9604dc299e94208e26e85a686c11dafc260446b1afa6e3
[2025-05-22 14:17:51 Asia/Ho_Chi_Minh] vnp_ResponseCode: 00
[2025-05-22 14:17:51 Asia/Ho_Chi_Minh] Cập nhật thành công vé với vnp_TxnRef 1758
[2025-05-22 14:17:51 Asia/Ho_Chi_Minh] Chuyển hướng đến: http://localhost:3000/payment-status?vnp_TxnRef=1758&vnp_ResponseCode=00&vnp_Amount=90000000&vnp_TransactionNo=14972864&vnp_BankCode=NCB&vnp_PayDate=20250522141843
[2025-05-22 14:25:22 Asia/Ho_Chi_Minh] Tính toán secureHash: d6711ae87e2feccb110d65d46e1a70ac2548033850ec3c981be8ea653c7101690ae33cf4cab166e16c26192496f569c690cf105d1c18c764343ddc1dd0f4f13d, Nhận được vnp_SecureHash: d6711ae87e2feccb110d65d46e1a70ac2548033850ec3c981be8ea653c7101690ae33cf4cab166e16c26192496f569c690cf105d1c18c764343ddc1dd0f4f13d
[2025-05-22 14:25:22 Asia/Ho_Chi_Minh] vnp_ResponseCode: 00
[2025-05-22 14:25:22 Asia/Ho_Chi_Minh] Cập nhật thành công vé với vnp_TxnRef 3153
[2025-05-22 14:25:22 Asia/Ho_Chi_Minh] Chuyển hướng đến: http://localhost:3000/payment-status?vnp_TxnRef=3153&vnp_ResponseCode=00&vnp_Amount=90000000&vnp_TransactionNo=14972898&vnp_BankCode=NCB&vnp_PayDate=20250522142613
[2025-05-25 15:08:28 Asia/Ho_Chi_Minh] Tính toán secureHash: ff4c2f42db7f7fd56d1045b951f5b607e7d40d9e68ba503e83d498051cf5893bc8ce0486dfff09693de4e213041639c77c2ec836054d969b5cca8b980953a529, Nhận được vnp_SecureHash: ff4c2f42db7f7fd56d1045b951f5b607e7d40d9e68ba503e83d498051cf5893bc8ce0486dfff09693de4e213041639c77c2ec836054d969b5cca8b980953a529
[2025-05-25 15:08:28 Asia/Ho_Chi_Minh] vnp_ResponseCode: 00
[2025-05-25 15:08:28 Asia/Ho_Chi_Minh] Cập nhật thành công vé với vnp_TxnRef 1241
[2025-05-25 15:08:28 Asia/Ho_Chi_Minh] Chuyển hướng đến: http://localhost:3000/payment-status?vnp_TxnRef=1241&vnp_ResponseCode=00&vnp_Amount=100000000&vnp_TransactionNo=14978030&vnp_BankCode=NCB&vnp_PayDate=20250525150924
[2025-05-26 18:38:54 Asia/Ho_Chi_Minh] Tính toán secureHash: 46b46633cf3b60397088f9ebd666737483722ab98d86c9fe37404347ce0291b54e6aece4605f43fcfea1ce8311db46036b613272b9dca62d378c10f3cb9154fb, Nhận được vnp_SecureHash: 46b46633cf3b60397088f9ebd666737483722ab98d86c9fe37404347ce0291b54e6aece4605f43fcfea1ce8311db46036b613272b9dca62d378c10f3cb9154fb
[2025-05-26 18:38:54 Asia/Ho_Chi_Minh] vnp_ResponseCode: 00
[2025-05-26 18:38:54 Asia/Ho_Chi_Minh] Cập nhật thành công vé với vnp_TxnRef 1988
[2025-05-26 18:38:54 Asia/Ho_Chi_Minh] Chuyển hướng đến: http://localhost:3000/payment-status?vnp_TxnRef=1988&vnp_ResponseCode=00&vnp_Amount=100000000&vnp_TransactionNo=14980433&vnp_BankCode=NCB&vnp_PayDate=20250526183952
[2025-05-26 19:43:50 Asia/Ho_Chi_Minh] Tính toán secureHash: 47aa451333278d5c3d3cd79a48e0752780c50af0532d909ef27e341bc95913b4a38007ba337de3c6e35d74685dabc75e239acbd437904bc09b103b6d8025ceef, Nhận được vnp_SecureHash: 47aa451333278d5c3d3cd79a48e0752780c50af0532d909ef27e341bc95913b4a38007ba337de3c6e35d74685dabc75e239acbd437904bc09b103b6d8025ceef
[2025-05-26 19:43:50 Asia/Ho_Chi_Minh] vnp_ResponseCode: 00
[2025-05-26 19:43:50 Asia/Ho_Chi_Minh] Cập nhật thành công vé với vnp_TxnRef 4084
[2025-05-26 19:43:50 Asia/Ho_Chi_Minh] Chuyển hướng đến: http://localhost:3000/payment-status?vnp_TxnRef=4084&vnp_ResponseCode=00&vnp_Amount=100000000&vnp_TransactionNo=14980505&vnp_BankCode=NCB&vnp_PayDate=20250526194447
[2025-05-26 19:55:26 Asia/Ho_Chi_Minh] Tính toán secureHash: ca1996ec0d6c64e343c59227cfa848467bb8038bdf8cdc5bcdbea6ba97e2c031bb6e97b0703f1261e702831be6aa88d4571e2b20ec3a06700e30b2002ef19b0e, Nhận được vnp_SecureHash: ca1996ec0d6c64e343c59227cfa848467bb8038bdf8cdc5bcdbea6ba97e2c031bb6e97b0703f1261e702831be6aa88d4571e2b20ec3a06700e30b2002ef19b0e
[2025-05-26 19:55:26 Asia/Ho_Chi_Minh] vnp_ResponseCode: 00
[2025-05-26 19:55:26 Asia/Ho_Chi_Minh] Cập nhật thành công vé với vnp_TxnRef 9029
[2025-05-26 19:55:26 Asia/Ho_Chi_Minh] Chuyển hướng đến: http://localhost:3000/payment-status?vnp_TxnRef=9029&vnp_ResponseCode=00&vnp_Amount=100000000&vnp_TransactionNo=14980517&vnp_BankCode=NCB&vnp_PayDate=20250526195624
[2025-05-26 20:04:00 Asia/Ho_Chi_Minh] Tính toán secureHash: efe4c32f4fb4ee3c5b321da84fa2a4e19aaca78544f1493bb9338f41480feafc86e4cc64c5140c96201712e31ea9fda12915e1e38062cd5f0f79aae47eb25aca, Nhận được vnp_SecureHash: efe4c32f4fb4ee3c5b321da84fa2a4e19aaca78544f1493bb9338f41480feafc86e4cc64c5140c96201712e31ea9fda12915e1e38062cd5f0f79aae47eb25aca
[2025-05-26 20:04:00 Asia/Ho_Chi_Minh] vnp_ResponseCode: 00
[2025-05-26 20:04:00 Asia/Ho_Chi_Minh] Cập nhật thành công vé với vnp_TxnRef 9371
[2025-05-26 20:04:00 Asia/Ho_Chi_Minh] Chuyển hướng đến: http://localhost:3000/payment-status?vnp_TxnRef=9371&vnp_ResponseCode=00&vnp_Amount=100000000&vnp_TransactionNo=14980526&vnp_BankCode=NCB&vnp_PayDate=20250526200458
[2025-05-26 20:05:25 Asia/Ho_Chi_Minh] Tính toán secureHash: 65609f6e160edcbf5e5c15b3ce9315bb6ef81cb2948039ecb9a97cd3b038dffd527963e1baf5e4d95c79449daf3ffbdc8bf238731f0b624ad05af65ddb8a2845, Nhận được vnp_SecureHash: 65609f6e160edcbf5e5c15b3ce9315bb6ef81cb2948039ecb9a97cd3b038dffd527963e1baf5e4d95c79449daf3ffbdc8bf238731f0b624ad05af65ddb8a2845
[2025-05-26 20:05:25 Asia/Ho_Chi_Minh] vnp_ResponseCode: 00
[2025-05-26 20:05:25 Asia/Ho_Chi_Minh] Cập nhật thành công vé với vnp_TxnRef 9746
[2025-05-26 20:05:25 Asia/Ho_Chi_Minh] Chuyển hướng đến: http://localhost:3000/payment-status?vnp_TxnRef=9746&vnp_ResponseCode=00&vnp_Amount=100000000&vnp_TransactionNo=14980528&vnp_BankCode=NCB&vnp_PayDate=20250526200623
[2025-05-26 20:15:39 Asia/Ho_Chi_Minh] Tính toán secureHash: 512cc7542d77f67ba69c92c69c3a4f471ec4d64d9c18747d651940db3fb9390fa137eaf7f196defd33bb219020c446910964a7ba47ea100c697a3a1e94e6c78b, Nhận được vnp_SecureHash: 512cc7542d77f67ba69c92c69c3a4f471ec4d64d9c18747d651940db3fb9390fa137eaf7f196defd33bb219020c446910964a7ba47ea100c697a3a1e94e6c78b
[2025-05-26 20:15:39 Asia/Ho_Chi_Minh] vnp_ResponseCode: 00
[2025-05-26 20:15:39 Asia/Ho_Chi_Minh] Cập nhật thành công vé với vnp_TxnRef 6686
[2025-05-26 20:15:39 Asia/Ho_Chi_Minh] Chuyển hướng đến: http://localhost:3000/payment-status?vnp_TxnRef=6686&vnp_ResponseCode=00&vnp_Amount=100000000&vnp_TransactionNo=14980545&vnp_BankCode=NCB&vnp_PayDate=20250526201636
[2025-05-29 14:46:52 Asia/Ho_Chi_Minh] Tính toán secureHash: 0fd273f9e2b7e846367fa0006de8bcb0f92120cc5f7227045e7791a3e4048eb3a62d2e22c7bc9c022b159cdb96594230b530847c4a664a639e00bf0df36a5ca8, Nhận được vnp_SecureHash: 0fd273f9e2b7e846367fa0006de8bcb0f92120cc5f7227045e7791a3e4048eb3a62d2e22c7bc9c022b159cdb96594230b530847c4a664a639e00bf0df36a5ca8
[2025-05-29 14:46:52 Asia/Ho_Chi_Minh] vnp_ResponseCode: 00
[2025-05-29 14:46:52 Asia/Ho_Chi_Minh] Cập nhật thành công vé với vnp_TxnRef 1643
[2025-05-29 14:46:52 Asia/Ho_Chi_Minh] Chuyển hướng đến: http://localhost:3000/payment-status?vnp_TxnRef=1643&vnp_ResponseCode=00&vnp_Amount=100000000&vnp_TransactionNo=14987620&vnp_BankCode=NCB&vnp_PayDate=20250529144753
[2025-05-29 17:45:48 Asia/Ho_Chi_Minh] Tính toán secureHash: 441f932b982796f656856843d0e42c0cef7fa06e9bc3faecd056c463a1839af60924282cddcbd014282d1049efe1923367143b74789fd97868dbb09aa498683d, Nhận được vnp_SecureHash: 441f932b982796f656856843d0e42c0cef7fa06e9bc3faecd056c463a1839af60924282cddcbd014282d1049efe1923367143b74789fd97868dbb09aa498683d
[2025-05-29 17:45:48 Asia/Ho_Chi_Minh] vnp_ResponseCode: 00
[2025-05-29 17:45:48 Asia/Ho_Chi_Minh] Cập nhật thành công vé với vnp_TxnRef 6616
[2025-05-29 17:45:48 Asia/Ho_Chi_Minh] Chuyển hướng đến: http://localhost:3000/payment-status?vnp_TxnRef=6616&vnp_ResponseCode=00&vnp_Amount=100000000&vnp_TransactionNo=14988211&vnp_BankCode=NCB&vnp_PayDate=20250529174649
[2025-05-29 20:14:20 Asia/Ho_Chi_Minh] Tính toán secureHash: 2a4757bb38582e9dcc424e3270f215fcda018a26fd239cf143ba4df1ca97627bf56853d4c94d537f7db88e4bd420dd835d0d9a5dcc0374684864ac785bc05852, Nhận được vnp_SecureHash: 2a4757bb38582e9dcc424e3270f215fcda018a26fd239cf143ba4df1ca97627bf56853d4c94d537f7db88e4bd420dd835d0d9a5dcc0374684864ac785bc05852
[2025-05-29 20:14:20 Asia/Ho_Chi_Minh] vnp_ResponseCode: 00
[2025-05-29 20:14:20 Asia/Ho_Chi_Minh] Cập nhật thành công vé với vnp_TxnRef 4022
[2025-05-29 20:14:20 Asia/Ho_Chi_Minh] Chuyển hướng đến: http://localhost:3000/payment-status?vnp_TxnRef=4022&vnp_ResponseCode=00&vnp_Amount=100000000&vnp_TransactionNo=14988400&vnp_BankCode=NCB&vnp_PayDate=20250529201521
[2025-05-29 20:26:48 Asia/Ho_Chi_Minh] Tính toán secureHash: 27ccaded21781a4817e0df4ed531c933abd9eebb680dc7de9fd2b42da8a78b63b581e740bc940c7fee57c2bd2f115a97173d1868d7ae84f03204828a0d3a277d, Nhận được vnp_SecureHash: 27ccaded21781a4817e0df4ed531c933abd9eebb680dc7de9fd2b42da8a78b63b581e740bc940c7fee57c2bd2f115a97173d1868d7ae84f03204828a0d3a277d
[2025-05-29 20:26:48 Asia/Ho_Chi_Minh] vnp_ResponseCode: 00
[2025-05-29 20:26:48 Asia/Ho_Chi_Minh] Cập nhật thành công vé với vnp_TxnRef 9856
[2025-05-29 20:26:48 Asia/Ho_Chi_Minh] Chuyển hướng đến: http://localhost:3000/payment-status?vnp_TxnRef=9856&vnp_ResponseCode=00&vnp_Amount=100000000&vnp_TransactionNo=14988412&vnp_BankCode=NCB&vnp_PayDate=20250529202750
[2025-05-29 20:29:53 Asia/Ho_Chi_Minh] Tính toán secureHash: 1695e230238ef9eca149fb41c479b317958438937227ae6e8e795db0787962ef84fd22cae5988ea8e4d96198233503b3f0d6bed584a18df2952fe5e8f18324bc, Nhận được vnp_SecureHash: 1695e230238ef9eca149fb41c479b317958438937227ae6e8e795db0787962ef84fd22cae5988ea8e4d96198233503b3f0d6bed584a18df2952fe5e8f18324bc
[2025-05-29 20:29:53 Asia/Ho_Chi_Minh] vnp_ResponseCode: 00
[2025-05-29 20:29:53 Asia/Ho_Chi_Minh] Cập nhật thành công vé với vnp_TxnRef 6358
[2025-05-29 20:29:53 Asia/Ho_Chi_Minh] Chuyển hướng đến: http://localhost:3000/payment-status?vnp_TxnRef=6358&vnp_ResponseCode=00&vnp_Amount=100000000&vnp_TransactionNo=14988414&vnp_BankCode=NCB&vnp_PayDate=20250529203055
[2025-05-29 20:32:13 Asia/Ho_Chi_Minh] Tính toán secureHash: af930e6111c058657d1ae3af6896b8a439dfa491a5d21c31316faec0ceed3d4bd236e478584e0fa42b652a20841a33b588fec14a9127e9eb1fa0366c753af94e, Nhận được vnp_SecureHash: af930e6111c058657d1ae3af6896b8a439dfa491a5d21c31316faec0ceed3d4bd236e478584e0fa42b652a20841a33b588fec14a9127e9eb1fa0366c753af94e
[2025-05-29 20:32:13 Asia/Ho_Chi_Minh] vnp_ResponseCode: 00
[2025-05-29 20:32:13 Asia/Ho_Chi_Minh] Cập nhật thành công vé với vnp_TxnRef 5608
[2025-05-29 20:32:13 Asia/Ho_Chi_Minh] Chuyển hướng đến: http://localhost:3000/payment-status?vnp_TxnRef=5608&vnp_ResponseCode=00&vnp_Amount=100000000&vnp_TransactionNo=14988418&vnp_BankCode=NCB&vnp_PayDate=20250529203314
[2025-05-29 20:53:16 Asia/Ho_Chi_Minh] Tính toán secureHash: 2033740929f7671701ca03a9e664c89dc17be3170f49a17f5569ba9acced2e397a97b890dd1a1ad0296d656f3f85b76fdd8c11bd032e4d0f11acb01c335d56cc, Nhận được vnp_SecureHash: 2033740929f7671701ca03a9e664c89dc17be3170f49a17f5569ba9acced2e397a97b890dd1a1ad0296d656f3f85b76fdd8c11bd032e4d0f11acb01c335d56cc
[2025-05-29 20:53:16 Asia/Ho_Chi_Minh] vnp_ResponseCode: 24
[2025-05-29 20:53:16 Asia/Ho_Chi_Minh] Không cập nhật trạng thái: secureHash match: true, vnp_ResponseCode: 24
[2025-05-29 20:53:16 Asia/Ho_Chi_Minh] Chuyển hướng đến: http://localhost:3000/payment-status?vnp_TxnRef=4123&vnp_ResponseCode=24&vnp_Amount=100000000&vnp_TransactionNo=14988449&vnp_BankCode=NCB&vnp_PayDate=20250529205313
[2025-05-29 20:59:10 Asia/Ho_Chi_Minh] Tính toán secureHash: d73ed9eb034fe4e63edff59978d086b689d619516d737c199650f74702d03ddff7a5e0bf5916407d3db58d66f29c63477871bf676f04382e6d84c0679e5a7623, Nhận được vnp_SecureHash: d73ed9eb034fe4e63edff59978d086b689d619516d737c199650f74702d03ddff7a5e0bf5916407d3db58d66f29c63477871bf676f04382e6d84c0679e5a7623
[2025-05-29 20:59:10 Asia/Ho_Chi_Minh] vnp_ResponseCode: 00
[2025-05-29 20:59:10 Asia/Ho_Chi_Minh] Cập nhật thành công vé với vnp_TxnRef 3997
[2025-05-29 20:59:10 Asia/Ho_Chi_Minh] Chuyển hướng đến: http://localhost:3000/payment-status?vnp_TxnRef=3997&vnp_ResponseCode=00&vnp_Amount=100000000&vnp_TransactionNo=14988464&vnp_BankCode=NCB&vnp_PayDate=20250529210012
